<?xml version="1.0" encoding="UTF-8"?>
<!-- Generated by org.testng.reporters.JUnitReportReporter -->
<testsuite hostname="DESKTOP-8T6KI5E" failures="0" tests="1" name="handelWebElement.TC05_Action" time="25.265" errors="0" timestamp="2023-04-01T11:56:51 BDT" skipped="0">
  <testcase classname="handelWebElement.TC05_Action" name="Food_Grocery" time="25.265"/>
  <system-out/>
</testsuite> <!-- handelWebElement.TC05_Action -->
