<?xml version="1.0" encoding="UTF-8"?>
<!-- Generated by org.testng.reporters.JUnitReportReporter -->
<testsuite hostname="DESKTOP-8T6KI5E" failures="0" tests="1" name="locator.MyfirstWebTest" time="16.755" errors="0" timestamp="2023-03-30T14:17:22 BDT" skipped="0">
  <testcase classname="locator.MyfirstWebTest" name="Live_Chat" time="16.755"/>
  <system-out/>
</testsuite> <!-- locator.MyfirstWebTest -->
