<?xml version="1.0" encoding="UTF-8"?>
<!-- Generated by org.testng.reporters.JUnitReportReporter -->
<testsuite hostname="DESKTOP-8T6KI5E" failures="0" tests="1" name="handelWebElement.TC06_Allert" time="56.257" errors="0" timestamp="2023-04-01T13:33:13 BDT" skipped="0">
  <testcase classname="handelWebElement.TC06_Allert" name="testAllert" time="56.257"/>
  <system-out/>
</testsuite> <!-- handelWebElement.TC06_Allert -->
