<?xml version="1.0" encoding="UTF-8"?>
<!-- Generated by org.testng.reporters.JUnitReportReporter -->
<testsuite hostname="DESKTOP-8T6KI5E" failures="0" tests="2" name="handelWebElement.TC01TestNGExample" time="0.030" errors="0" timestamp="2023-03-30T15:58:01 BDT" skipped="0">
  <testcase classname="handelWebElement.TC01TestNGExample" name="testCase2" time="0.018"/>
  <system-out/>
  <testcase classname="handelWebElement.TC01TestNGExample" name="testCase1" time="0.012"/>
  <system-out/>
</testsuite> <!-- handelWebElement.TC01TestNGExample -->
