<?xml version="1.0" encoding="UTF-8"?>
<!-- Generated by org.testng.reporters.JUnitReportReporter -->
<testsuite hostname="DESKTOP-8T6KI5E" failures="0" tests="1" name="handelWebElement.JsInAutomation" time="24.644" errors="0" timestamp="2023-04-02T11:00:04 BDT" skipped="0">
  <testcase classname="handelWebElement.JsInAutomation" name="scrollUsingJs" time="24.644"/>
  <system-out/>
</testsuite> <!-- handelWebElement.JsInAutomation -->
